adptalks/app/build/intermediates/manifest_merge_blame_file/debug/manifest-merger-blame-debug-report.txt
1<?xml version="1.0" encoding="utf-8"?>
2<manifest xmlns:android="http://schemas.android.com/apk/res/android"
3    package="org.tensorflow.lite.examples.smartreply.SmartReply"
4    android:versionCode="1"
5    android:versionName="1.0" >
6
7    <uses-sdk
8        android:minSdkVersion="19"
8-->src\main\AndroidManifest.xml
9        android:targetSdkVersion="28" />
9-->src\main\AndroidManifest.xml
10
11    <uses-permission android:name="android.permission.WRITE_EXTERNAL_STORAGE" />
12    <uses-permission android:name="android.permission.READ_PHONE_STATE" />
13    <uses-permission android:name="android.permission.READ_EXTERNAL_STORAGE" />
14
15    <application
15-->src\main\AndroidManifest.xml:6:3-23:17
16        android:allowBackup="true"
16-->src\main\AndroidManifest.xml:7:7-33
17        android:appComponentFactory="androidx.core.app.CoreComponentFactory"
17-->[androidx.core:core:1.1.0] AndroidManifest.xml:24:18-86
18        android:debuggable="true"
19        android:icon="@mipmap/ic_launcher"
19-->src\main\AndroidManifest.xml:8:7-41
20        android:label="ADP Talks"
20-->src\main\AndroidManifest.xml:9:7-32
21        android:roundIcon="@mipmap/ic_launcher_round"
21-->src\main\AndroidManifest.xml:11:7-52
22        android:testOnly="true"
23        android:theme="@style/AppTheme.SmartReply" >
23-->src\main\AndroidManifest.xml:10:7-49
24        <activity
24-->src\main\AndroidManifest.xml:13:5-22:16
25            android:name="org.tensorflow.lite.examples.smartreply.MainActivity"
25-->src\main\AndroidManifest.xml:14:9-37
26            android:configChanges="orientation|keyboardHidden|screenSize"
26-->src\main\AndroidManifest.xml:15:9-70
27            android:screenOrientation="portrait"
27-->src\main\AndroidManifest.xml:17:9-45
28            android:windowSoftInputMode="adjustResize" >
28-->src\main\AndroidManifest.xml:16:9-51
29            <intent-filter>
29-->src\main\AndroidManifest.xml:18:7-21:23
30                <action android:name="android.intent.action.MAIN" />
30-->src\main\AndroidManifest.xml:19:9-60
30-->src\main\AndroidManifest.xml:19:17-58
31
32                <category android:name="android.intent.category.LAUNCHER" />
32-->src\main\AndroidManifest.xml:20:9-68
32-->src\main\AndroidManifest.xml:20:19-66
33            </intent-filter>
34        </activity>
35    </application>
36
37</manifest>